Sun Feb 19 20:00:00 CST 2017
Download: 19.88 Mbit/s
Upload: 27.82 Mbit/s
Sun Feb 19 21:00:00 CST 2017
Download: 52.76 Mbit/s
Upload: 30.59 Mbit/s
Sun Feb 19 22:05:03 CST 2017
Download: 59.96 Mbit/s
Upload: 38.93 Mbit/s
Mon Feb 20 10:00:01 CST 2017
Download: 43.62 Mbit/s
Upload: 24.36 Mbit/s
Mon Feb 20 14:00:00 CST 2017
Download: 125.50 Mbit/s
Upload: 55.05 Mbit/s
Mon Feb 20 15:00:00 CST 2017
Download: 50.78 Mbit/s
Upload: 37.62 Mbit/s
Mon Feb 20 16:00:00 CST 2017
Download: 38.44 Mbit/s
Upload: 26.10 Mbit/s
Mon Feb 20 17:00:00 CST 2017
Download: 43.90 Mbit/s
Upload: 37.85 Mbit/s
Mon Feb 20 18:00:00 CST 2017
Download: 44.06 Mbit/s
Upload: 46.27 Mbit/s
Mon Feb 20 19:00:00 CST 2017
Download: 34.43 Mbit/s
Upload: 33.30 Mbit/s
Mon Feb 20 20:00:00 CST 2017
Download: 48.77 Mbit/s
Upload: 39.27 Mbit/s
Mon Feb 20 21:00:00 CST 2017
Download: 36.26 Mbit/s
Upload: 35.42 Mbit/s
Tue Feb 21 20:00:00 CST 2017
Download: 67.97 Mbit/s
Upload: 60.21 Mbit/s
Tue Feb 21 21:00:00 CST 2017
Download: 67.10 Mbit/s
Upload: 30.11 Mbit/s
Tue Feb 21 22:00:00 CST 2017
Download: 49.25 Mbit/s
Upload: 13.08 Mbit/s
Wed Feb 22 08:00:00 CST 2017
Download: 49.58 Mbit/s
Upload: 45.66 Mbit/s
Wed Feb 22 14:02:27 CST 2017
Download: 106.47 Mbit/s
Upload: 66.95 Mbit/s
Wed Feb 22 16:00:00 CST 2017
Download: 61.89 Mbit/s
Upload: 28.63 Mbit/s
Wed Feb 22 19:00:00 CST 2017
Download: 11.76 Mbit/s
Upload: 26.41 Mbit/s
Wed Feb 22 20:00:00 CST 2017
Download: 74.46 Mbit/s
Upload: 54.17 Mbit/s
Wed Feb 22 22:00:00 CST 2017
Download: 24.37 Mbit/s
Upload: 41.64 Mbit/s
Wed Feb 22 23:00:00 CST 2017
Download: 30.28 Mbit/s
Upload: 35.09 Mbit/s
Thu Feb 23 00:00:00 CST 2017
Download: 39.28 Mbit/s
Upload: 41.27 Mbit/s
Thu Feb 23 07:00:00 CST 2017
Download: 54.15 Mbit/s
Upload: 52.63 Mbit/s
Thu Feb 23 08:00:00 CST 2017
Download: 63.26 Mbit/s
Upload: 56.43 Mbit/s
Thu Feb 23 09:00:00 CST 2017
Download: 61.01 Mbit/s
Upload: 50.94 Mbit/s
Thu Feb 23 10:00:00 CST 2017
Download: 60.09 Mbit/s
Upload: 61.65 Mbit/s
Thu Feb 23 11:00:00 CST 2017
Download: 60.25 Mbit/s
Upload: 47.99 Mbit/s
Thu Feb 23 12:00:00 CST 2017
Download: 64.92 Mbit/s
Upload: 55.48 Mbit/s
Thu Feb 23 13:00:00 CST 2017
Download: 63.50 Mbit/s
Upload: 55.05 Mbit/s
Thu Feb 23 14:00:00 CST 2017
Download: 49.66 Mbit/s
Upload: 47.69 Mbit/s
Thu Feb 23 15:00:00 CST 2017
Download: 72.24 Mbit/s
Upload: 51.73 Mbit/s
Thu Feb 23 16:00:00 CST 2017
Download: 54.25 Mbit/s
Upload: 46.94 Mbit/s
Thu Feb 23 17:00:00 CST 2017
Download: 71.42 Mbit/s
Upload: 31.69 Mbit/s
Thu Feb 23 18:00:00 CST 2017
Download: 67.89 Mbit/s
Upload: 53.99 Mbit/s
Thu Feb 23 19:00:00 CST 2017
Download: 73.58 Mbit/s
Upload: 43.83 Mbit/s
Thu Feb 23 20:00:00 CST 2017
Download: 40.55 Mbit/s
Upload: 14.01 Mbit/s
Thu Feb 23 21:00:00 CST 2017
Download: 54.80 Mbit/s
Upload: 44.71 Mbit/s
Thu Feb 23 22:00:00 CST 2017
Download: 55.52 Mbit/s
Upload: 48.76 Mbit/s
Thu Feb 23 23:00:00 CST 2017
Download: 56.58 Mbit/s
Upload: 37.56 Mbit/s
Fri Feb 24 00:00:00 CST 2017
Download: 53.69 Mbit/s
Upload: 50.68 Mbit/s
Fri Feb 24 01:00:00 CST 2017
Download: 45.06 Mbit/s
Upload: 25.84 Mbit/s
Fri Feb 24 02:00:00 CST 2017
Download: 70.77 Mbit/s
Upload: 33.66 Mbit/s
Fri Feb 24 03:00:00 CST 2017
Download: 65.33 Mbit/s
Upload: 18.51 Mbit/s
Fri Feb 24 04:00:01 CST 2017
Download: 71.90 Mbit/s
Upload: 65.06 Mbit/s
Fri Feb 24 05:00:00 CST 2017
Download: 67.79 Mbit/s
Upload: 55.46 Mbit/s
Fri Feb 24 06:00:01 CST 2017
Download: 19.70 Mbit/s
Upload: 0.00 Mbit/s
Fri Feb 24 07:00:00 CST 2017
Download: 28.51 Mbit/s
Upload: 22.28 Mbit/s
Fri Feb 24 08:00:00 CST 2017
Download: 37.79 Mbit/s
Upload: 23.58 Mbit/s
Fri Feb 24 10:00:00 CST 2017
Download: 88.25 Mbit/s
Upload: 64.25 Mbit/s
Fri Feb 24 12:00:00 CST 2017
Download: 43.41 Mbit/s
Upload: 45.01 Mbit/s
Fri Feb 24 14:00:00 CST 2017
Download: 84.31 Mbit/s
Upload: 54.74 Mbit/s
Fri Feb 24 15:00:00 CST 2017
Download: 63.25 Mbit/s
Upload: 51.44 Mbit/s
Fri Feb 24 18:00:00 CST 2017
Download: 38.63 Mbit/s
Upload: 29.51 Mbit/s
Fri Feb 24 19:00:00 CST 2017
Download: 37.66 Mbit/s
Upload: 28.81 Mbit/s
Fri Feb 24 20:00:00 CST 2017
Download: 46.13 Mbit/s
Upload: 28.86 Mbit/s
Fri Feb 24 23:00:00 CST 2017
Download: 76.88 Mbit/s
Upload: 49.51 Mbit/s
Sat Feb 25 00:00:00 CST 2017
Download: 67.54 Mbit/s
Upload: 44.18 Mbit/s
Sat Feb 25 09:00:00 CST 2017
Download: 53.58 Mbit/s
Upload: 34.37 Mbit/s
Sat Feb 25 10:00:00 CST 2017
Download: 50.61 Mbit/s
Upload: 41.95 Mbit/s
Sat Feb 25 11:00:00 CST 2017
Download: 57.21 Mbit/s
Upload: 43.58 Mbit/s
Sat Feb 25 12:00:00 CST 2017
Download: 0.10 Mbit/s
Upload: 0.00 Mbit/s
Sat Feb 25 13:00:00 CST 2017
Download: 42.42 Mbit/s
Upload: 10.79 Mbit/s
Sat Feb 25 14:00:00 CST 2017
Download: 43.10 Mbit/s
Upload: 33.87 Mbit/s
Sat Feb 25 15:00:01 CST 2017
Download: 45.61 Mbit/s
Upload: 31.19 Mbit/s
Sat Feb 25 16:00:01 CST 2017
Download: 52.05 Mbit/s
Upload: 54.29 Mbit/s
Sat Feb 25 19:00:00 CST 2017
Download: 9.23 Mbit/s
Upload: 37.13 Mbit/s
Sat Feb 25 20:00:00 CST 2017
Download: 30.70 Mbit/s
Upload: 14.75 Mbit/s
Sat Feb 25 21:00:01 CST 2017
Download: 7.21 Mbit/s
Upload: 3.15 Mbit/s
Sat Feb 25 22:00:00 CST 2017
Download: 55.58 Mbit/s
Upload: 56.18 Mbit/s
Sun Feb 26 10:00:00 CST 2017
Download: 76.08 Mbit/s
Upload: 39.06 Mbit/s
Sun Feb 26 12:00:00 CST 2017
Download: 85.03 Mbit/s
Upload: 49.49 Mbit/s
Sun Feb 26 14:00:00 CST 2017
Download: 71.53 Mbit/s
Upload: 57.99 Mbit/s
Sun Feb 26 15:00:00 CST 2017
Download: 73.45 Mbit/s
Upload: 53.09 Mbit/s
Sun Feb 26 16:00:00 CST 2017
Download: 38.67 Mbit/s
Upload: 22.87 Mbit/s
Sun Feb 26 17:00:00 CST 2017
Download: 28.01 Mbit/s
Upload: 39.53 Mbit/s
Sun Feb 26 18:00:00 CST 2017
Download: 53.25 Mbit/s
Upload: 34.06 Mbit/s
Sun Feb 26 19:00:00 CST 2017
Download: 44.32 Mbit/s
Upload: 32.84 Mbit/s
Sun Feb 26 20:00:00 CST 2017
Download: 37.27 Mbit/s
Upload: 42.67 Mbit/s
Sun Feb 26 21:00:00 CST 2017
Download: 37.15 Mbit/s
Upload: 28.65 Mbit/s
Sun Feb 26 22:00:00 CST 2017
Download: 30.85 Mbit/s
Upload: 39.97 Mbit/s
Mon Feb 27 09:00:00 CST 2017
Download: 87.39 Mbit/s
Upload: 55.13 Mbit/s
Mon Feb 27 10:00:00 CST 2017
Download: 97.05 Mbit/s
Upload: 55.93 Mbit/s
Mon Feb 27 12:00:01 CST 2017
Download: 70.88 Mbit/s
Upload: 63.37 Mbit/s
Mon Feb 27 14:00:38 CST 2017
Download: 51.26 Mbit/s
Upload: 57.76 Mbit/s
Mon Feb 27 15:00:01 CST 2017
Download: 51.52 Mbit/s
Upload: 49.69 Mbit/s
Mon Feb 27 16:00:00 CST 2017
Download: 20.40 Mbit/s
Upload: 20.69 Mbit/s
Mon Feb 27 22:00:00 CST 2017
Download: 22.28 Mbit/s
Upload: 0.00 Mbit/s
Tue Feb 28 07:00:00 CST 2017
Download: 29.98 Mbit/s
Upload: 4.22 Mbit/s
Tue Feb 28 19:00:00 CST 2017
Download: 70.56 Mbit/s
Upload: 40.12 Mbit/s
Tue Feb 28 20:00:00 CST 2017
Download: 69.98 Mbit/s
Upload: 45.21 Mbit/s
Wed Mar  1 08:02:53 CST 2017
Download: 115.66 Mbit/s
Upload: 28.24 Mbit/s
Wed Mar  1 09:00:49 CST 2017
Download: 59.53 Mbit/s
Upload: 34.84 Mbit/s
Wed Mar  1 11:00:00 CST 2017
Download: 82.24 Mbit/s
Upload: 61.11 Mbit/s
Wed Mar  1 14:00:00 CST 2017
Download: 66.09 Mbit/s
Upload: 28.73 Mbit/s
Wed Mar  1 15:02:56 CST 2017
Download: 39.84 Mbit/s
Upload: 45.87 Mbit/s
Wed Mar  1 16:00:00 CST 2017
Download: 1.95 Mbit/s
Upload: 8.27 Mbit/s
Wed Mar  1 17:00:00 CST 2017
Download: 50.10 Mbit/s
Upload: 21.67 Mbit/s
Wed Mar  1 18:00:00 CST 2017
Download: 65.38 Mbit/s
Upload: 14.08 Mbit/s
Wed Mar  1 19:00:00 CST 2017
Download: 54.70 Mbit/s
Upload: 10.61 Mbit/s
Wed Mar  1 20:00:00 CST 2017
Download: 78.40 Mbit/s
Upload: 24.21 Mbit/s
Wed Mar  1 21:00:00 CST 2017
Download: 67.26 Mbit/s
Upload: 26.10 Mbit/s
Thu Mar  2 18:00:01 CST 2017
Download: 0.04 Mbit/s
Upload: 0.00 Mbit/s
Thu Mar  2 22:00:00 MST 2017
Download: 3.87 Mbit/s
Upload: 0.73 Mbit/s
Fri Mar  3 18:00:00 MST 2017
Download: 0.61 Mbit/s
Upload: 0.71 Mbit/s
Sat Mar  4 09:00:00 MST 2017
Download: 4.03 Mbit/s
Upload: 1.67 Mbit/s
Sun Mar  5 01:00:00 MST 2017
Download: 0.03 Mbit/s
Upload: 1.36 Mbit/s
Sun Mar  5 08:00:01 MST 2017
Download: 4.59 Mbit/s
Upload: 1.83 Mbit/s
Sun Mar  5 10:00:00 MST 2017
Download: 4.62 Mbit/s
Upload: 4.37 Mbit/s
Sun Mar  5 13:00:00 MST 2017
Download: 73.02 Mbit/s
Upload: 41.47 Mbit/s
Sun Mar  5 14:00:00 MST 2017
Download: 0.04 Mbit/s
Upload: 0.00 Mbit/s
Sun Mar  5 20:00:01 CST 2017
Download: 65.83 Mbit/s
Upload: 13.11 Mbit/s
Sun Mar  5 21:00:00 CST 2017
Download: 45.13 Mbit/s
Upload: 11.45 Mbit/s
Sun Mar  5 22:00:00 CST 2017
Download: 46.46 Mbit/s
Upload: 16.05 Mbit/s
Mon Mar  6 09:02:38 CST 2017
Download: 36.97 Mbit/s
Upload: 18.76 Mbit/s
Mon Mar  6 10:00:00 CST 2017
Download: 104.26 Mbit/s
Upload: 50.80 Mbit/s
Mon Mar  6 11:00:00 CST 2017
Download: 66.86 Mbit/s
Upload: 60.45 Mbit/s
Mon Mar  6 14:00:00 CST 2017
Download: 73.23 Mbit/s
Upload: 45.14 Mbit/s
Mon Mar  6 16:00:00 CST 2017
Download: 49.89 Mbit/s
Upload: 14.32 Mbit/s
Mon Mar  6 17:00:00 CST 2017
Download: 44.56 Mbit/s
Upload: 19.27 Mbit/s
Mon Mar  6 18:00:00 CST 2017
Download: 45.12 Mbit/s
Upload: 5.69 Mbit/s
Mon Mar  6 19:00:00 CST 2017
Download: 41.90 Mbit/s
Upload: 4.66 Mbit/s
Mon Mar  6 20:00:00 CST 2017
Download: 89.83 Mbit/s
Upload: 13.75 Mbit/s
Mon Mar  6 21:00:00 CST 2017
Download: 48.08 Mbit/s
Upload: 11.24 Mbit/s
Mon Mar  6 22:00:00 CST 2017
Download: 29.49 Mbit/s
Upload: 11.53 Mbit/s
Mon Mar  6 23:00:00 CST 2017
Download: 28.47 Mbit/s
Upload: 10.71 Mbit/s
Tue Mar  7 00:00:00 CST 2017
Download: 64.94 Mbit/s
Upload: 47.76 Mbit/s
Tue Mar  7 07:00:00 CST 2017
Download: 51.07 Mbit/s
Upload: 42.06 Mbit/s
Tue Mar  7 08:00:00 CST 2017
Download: 64.79 Mbit/s
Upload: 46.07 Mbit/s
Tue Mar  7 09:00:00 CST 2017
Download: 56.93 Mbit/s
Upload: 45.96 Mbit/s
Tue Mar  7 10:00:00 CST 2017
Download: 46.81 Mbit/s
Upload: 42.29 Mbit/s
Tue Mar  7 11:00:00 CST 2017
Download: 48.06 Mbit/s
Upload: 32.56 Mbit/s
Tue Mar  7 12:00:00 CST 2017
Download: 53.56 Mbit/s
Upload: 51.84 Mbit/s
Tue Mar  7 13:00:01 CST 2017
Download: 47.56 Mbit/s
Upload: 44.04 Mbit/s
Tue Mar  7 14:00:00 CST 2017
Download: 44.87 Mbit/s
Upload: 45.96 Mbit/s
Tue Mar  7 15:00:00 CST 2017
Download: 50.04 Mbit/s
Upload: 51.83 Mbit/s
Tue Mar  7 16:00:00 CST 2017
Download: 44.08 Mbit/s
Upload: 12.37 Mbit/s
Tue Mar  7 17:00:00 CST 2017
Download: 43.66 Mbit/s
Upload: 31.62 Mbit/s
Tue Mar  7 18:00:00 CST 2017
Download: 33.33 Mbit/s
Upload: 27.93 Mbit/s
Tue Mar  7 19:00:00 CST 2017
Download: 49.97 Mbit/s
Upload: 16.55 Mbit/s
Tue Mar  7 20:00:00 CST 2017
Download: 53.47 Mbit/s
Upload: 14.38 Mbit/s
Tue Mar  7 21:00:00 CST 2017
Download: 51.27 Mbit/s
Upload: 11.82 Mbit/s
Tue Mar  7 22:00:00 CST 2017
Download: 41.47 Mbit/s
Upload: 13.94 Mbit/s
Tue Mar  7 23:00:00 CST 2017
Download: 44.85 Mbit/s
Upload: 48.03 Mbit/s
Wed Mar  8 00:00:00 CST 2017
Download: 45.79 Mbit/s
Upload: 48.03 Mbit/s
Wed Mar  8 07:00:00 CST 2017
Download: 21.08 Mbit/s
Upload: 31.13 Mbit/s
Wed Mar  8 08:00:00 CST 2017
Download: 107.30 Mbit/s
Upload: 42.30 Mbit/s
Wed Mar  8 09:00:00 CST 2017
Download: 56.30 Mbit/s
Upload: 21.33 Mbit/s
Wed Mar  8 14:00:00 CST 2017
Download: 69.61 Mbit/s
Upload: 52.91 Mbit/s
Wed Mar  8 15:05:51 CST 2017
Download: 69.75 Mbit/s
Upload: 51.42 Mbit/s
Wed Mar  8 18:00:00 CST 2017
Download: 18.03 Mbit/s
Upload: 1.15 Mbit/s
Wed Mar  8 19:00:00 CST 2017
Download: 55.58 Mbit/s
Upload: 23.92 Mbit/s
Wed Mar  8 20:00:00 CST 2017
Download: 73.69 Mbit/s
Upload: 22.42 Mbit/s
Wed Mar  8 22:00:00 CST 2017
Download: 19.16 Mbit/s
Upload: 0.00 Mbit/s
Wed Mar  8 23:00:00 CST 2017
Download: 50.81 Mbit/s
Upload: 9.51 Mbit/s
Fri Mar 10 00:00:00 CST 2017
Download: 63.81 Mbit/s
Upload: 19.29 Mbit/s
Fri Mar 10 01:00:00 CST 2017
Download: 58.67 Mbit/s
Upload: 53.34 Mbit/s
Fri Mar 10 02:00:00 CST 2017
Download: 74.00 Mbit/s
Upload: 54.07 Mbit/s
Fri Mar 10 03:00:00 CST 2017
Download: 92.86 Mbit/s
Upload: 46.48 Mbit/s
Fri Mar 10 04:00:00 CST 2017
Download: 83.04 Mbit/s
Upload: 45.90 Mbit/s
Fri Mar 10 05:00:00 CST 2017
Download: 66.93 Mbit/s
Upload: 45.75 Mbit/s
Fri Mar 10 06:00:00 CST 2017
Download: 79.69 Mbit/s
Upload: 40.30 Mbit/s
Fri Mar 10 07:00:00 CST 2017
Download: 82.59 Mbit/s
Upload: 42.63 Mbit/s
Fri Mar 10 08:00:00 CST 2017
Download: 63.93 Mbit/s
Upload: 46.76 Mbit/s
Fri Mar 10 10:00:00 CST 2017
Download: 29.37 Mbit/s
Upload: 41.51 Mbit/s
Fri Mar 10 12:00:00 CST 2017
Download: 71.12 Mbit/s
Upload: 61.58 Mbit/s
Fri Mar 10 13:00:19 CST 2017
Download: 31.60 Mbit/s
Upload: 24.61 Mbit/s
Fri Mar 10 14:00:00 CST 2017
Download: 44.17 Mbit/s
Upload: 39.93 Mbit/s
Fri Mar 10 15:00:00 CST 2017
Download: 46.77 Mbit/s
Upload: 38.02 Mbit/s
Fri Mar 10 22:00:00 CST 2017
Download: 63.68 Mbit/s
Upload: 51.82 Mbit/s
Sun Mar 12 17:00:00 CDT 2017
Download: 51.80 Mbit/s
Upload: 63.41 Mbit/s
Mon Mar 13 11:00:00 CDT 2017
Download: 85.66 Mbit/s
Upload: 54.99 Mbit/s
Mon Mar 13 12:00:00 CDT 2017
Download: 65.55 Mbit/s
Upload: 49.97 Mbit/s
Mon Mar 13 14:00:00 CDT 2017
Download: 73.72 Mbit/s
Upload: 62.23 Mbit/s
Tue Mar 14 10:00:00 CDT 2017
Download: 62.85 Mbit/s
Upload: 48.55 Mbit/s
Tue Mar 14 11:00:00 CDT 2017
Download: 79.91 Mbit/s
Upload: 52.88 Mbit/s
Tue Mar 14 22:00:00 CDT 2017
Download: 41.40 Mbit/s
Upload: 28.05 Mbit/s
Wed Mar 15 11:00:01 CDT 2017
Download: 53.70 Mbit/s
Upload: 34.61 Mbit/s
Wed Mar 15 12:00:00 CDT 2017
Download: 52.47 Mbit/s
Upload: 45.25 Mbit/s
Wed Mar 15 18:02:47 CDT 2017
Download: 40.11 Mbit/s
Upload: 41.01 Mbit/s
Thu Mar 16 11:00:01 CDT 2017
Download: 41.72 Mbit/s
Upload: 48.14 Mbit/s
Thu Mar 16 12:02:10 CDT 2017
Download: 1.34 Mbit/s
Upload: 0.98 Mbit/s
Thu Mar 16 18:00:00 CDT 2017
Download: 59.11 Mbit/s
Upload: 51.79 Mbit/s
Sat Mar 18 13:00:00 CDT 2017
Download: 67.69 Mbit/s
Upload: 53.50 Mbit/s
Sat Mar 18 14:00:00 CDT 2017
Download: 70.96 Mbit/s
Upload: 53.06 Mbit/s
Sat Mar 18 16:00:00 CDT 2017
Download: 7.71 Mbit/s
Upload: 20.82 Mbit/s
Sat Mar 18 17:00:00 CDT 2017
Download: 56.57 Mbit/s
Upload: 50.23 Mbit/s
Sat Mar 18 18:00:00 CDT 2017
Download: 61.58 Mbit/s
Upload: 50.01 Mbit/s
Sat Mar 18 19:00:00 CDT 2017
Download: 51.84 Mbit/s
Upload: 39.67 Mbit/s
Sat Mar 18 20:00:00 CDT 2017
Download: 58.00 Mbit/s
Upload: 40.76 Mbit/s
Sat Mar 18 21:00:00 CDT 2017
Download: 61.13 Mbit/s
Upload: 45.75 Mbit/s
Sat Mar 18 22:00:00 CDT 2017
Download: 49.37 Mbit/s
Upload: 31.56 Mbit/s
Sat Mar 18 23:00:00 CDT 2017
Download: 54.99 Mbit/s
Upload: 38.03 Mbit/s
Sun Mar 19 00:00:01 CDT 2017
Download: 49.75 Mbit/s
Upload: 37.91 Mbit/s
Sun Mar 19 07:00:01 CDT 2017
Download: 28.17 Mbit/s
Upload: 45.36 Mbit/s
Sun Mar 19 08:00:00 CDT 2017
Download: 38.77 Mbit/s
Upload: 44.58 Mbit/s
Sun Mar 19 09:00:00 CDT 2017
Download: 39.45 Mbit/s
Upload: 42.54 Mbit/s
Sun Mar 19 10:00:00 CDT 2017
Download: 9.58 Mbit/s
Upload: 34.09 Mbit/s
Sun Mar 19 11:00:00 CDT 2017
Download: 32.66 Mbit/s
Upload: 40.06 Mbit/s
Sun Mar 19 12:00:00 CDT 2017
Download: 50.71 Mbit/s
Upload: 48.15 Mbit/s
Sun Mar 19 13:00:00 CDT 2017
Download: 57.44 Mbit/s
Upload: 47.82 Mbit/s
Sun Mar 19 14:00:00 CDT 2017
Download: 56.48 Mbit/s
Upload: 45.59 Mbit/s
Sun Mar 19 15:00:00 CDT 2017
Download: 44.88 Mbit/s
Upload: 42.53 Mbit/s
Sun Mar 19 16:00:00 CDT 2017
Download: 26.78 Mbit/s
Upload: 30.26 Mbit/s
Sun Mar 19 17:00:00 CDT 2017
Download: 53.59 Mbit/s
Upload: 50.38 Mbit/s
Sun Mar 19 18:00:01 CDT 2017
Download: 66.76 Mbit/s
Upload: 23.94 Mbit/s
Sun Mar 19 19:00:00 CDT 2017
Download: 76.49 Mbit/s
Upload: 51.98 Mbit/s
Sun Mar 19 20:00:00 CDT 2017
Download: 50.91 Mbit/s
Upload: 34.49 Mbit/s
Sun Mar 19 21:00:00 CDT 2017
Download: 51.90 Mbit/s
Upload: 33.07 Mbit/s
Sun Mar 19 22:00:00 CDT 2017
Download: 48.03 Mbit/s
Upload: 50.05 Mbit/s
Sun Mar 19 23:00:00 CDT 2017
Download: 34.95 Mbit/s
Upload: 31.49 Mbit/s
Mon Mar 20 00:00:00 CDT 2017
Download: 52.27 Mbit/s
Upload: 49.56 Mbit/s
Mon Mar 20 09:01:10 CDT 2017
Download: 51.40 Mbit/s
Upload: 27.96 Mbit/s
Mon Mar 20 12:04:17 CDT 2017
Download: 68.40 Mbit/s
Upload: 51.71 Mbit/s
Mon Mar 20 15:00:23 CDT 2017
Download: 45.08 Mbit/s
Upload: 48.61 Mbit/s
Mon Mar 20 16:00:00 CDT 2017
Download: 86.50 Mbit/s
Upload: 44.24 Mbit/s
Mon Mar 20 18:00:01 CDT 2017
Download: 46.53 Mbit/s
Upload: 25.46 Mbit/s
Mon Mar 20 19:00:01 CDT 2017
Download: 46.62 Mbit/s
Upload: 45.09 Mbit/s
Mon Mar 20 20:00:00 CDT 2017
Download: 33.97 Mbit/s
Upload: 40.30 Mbit/s
Mon Mar 20 21:00:00 CDT 2017
Download: 54.72 Mbit/s
Upload: 43.90 Mbit/s
Mon Mar 20 22:00:00 CDT 2017
Download: 45.04 Mbit/s
Upload: 44.34 Mbit/s
Mon Mar 20 23:00:00 CDT 2017
Download: 33.54 Mbit/s
Upload: 44.31 Mbit/s
Tue Mar 21 00:00:00 CDT 2017
Download: 58.98 Mbit/s
Upload: 25.07 Mbit/s
Tue Mar 21 07:00:01 CDT 2017
Download: 31.18 Mbit/s
Upload: 44.78 Mbit/s
Tue Mar 21 08:00:00 CDT 2017
Download: 43.68 Mbit/s
Upload: 43.59 Mbit/s
Tue Mar 21 09:00:00 CDT 2017
Download: 37.29 Mbit/s
Upload: 40.76 Mbit/s
Tue Mar 21 10:00:00 CDT 2017
Download: 41.64 Mbit/s
Upload: 51.65 Mbit/s
Tue Mar 21 11:00:00 CDT 2017
Download: 15.08 Mbit/s
Upload: 9.08 Mbit/s
Tue Mar 21 12:00:00 CDT 2017
Download: 37.52 Mbit/s
Upload: 35.66 Mbit/s
Tue Mar 21 13:00:00 CDT 2017
Download: 47.89 Mbit/s
Upload: 40.69 Mbit/s
Tue Mar 21 14:00:00 CDT 2017
Download: 39.27 Mbit/s
Upload: 53.48 Mbit/s
Tue Mar 21 15:00:00 CDT 2017
Download: 57.23 Mbit/s
Upload: 44.12 Mbit/s
Tue Mar 21 16:00:00 CDT 2017
Download: 50.13 Mbit/s
Upload: 53.56 Mbit/s
Tue Mar 21 17:00:00 CDT 2017
Download: 48.98 Mbit/s
Upload: 55.42 Mbit/s
Tue Mar 21 18:00:00 CDT 2017
Download: 57.97 Mbit/s
Upload: 45.81 Mbit/s
Tue Mar 21 19:00:00 CDT 2017
Download: 58.66 Mbit/s
Upload: 48.22 Mbit/s
Tue Mar 21 20:00:00 CDT 2017
Download: 25.98 Mbit/s
Upload: 19.98 Mbit/s
Tue Mar 21 21:00:00 CDT 2017
Download: 40.89 Mbit/s
Upload: 36.35 Mbit/s
Tue Mar 21 22:00:00 CDT 2017
Download: 21.90 Mbit/s
Upload: 28.56 Mbit/s
Tue Mar 21 23:00:00 CDT 2017
Download: 48.37 Mbit/s
Upload: 45.17 Mbit/s
Wed Mar 22 00:00:00 CDT 2017
Download: 52.60 Mbit/s
Upload: 21.99 Mbit/s
Wed Mar 22 01:00:00 CDT 2017
Download: 70.41 Mbit/s
Upload: 53.73 Mbit/s
Wed Mar 22 02:00:00 CDT 2017
Download: 60.26 Mbit/s
Upload: 59.21 Mbit/s
Wed Mar 22 03:00:00 CDT 2017
Download: 67.50 Mbit/s
Upload: 60.52 Mbit/s
Wed Mar 22 04:00:01 CDT 2017
Download: 73.79 Mbit/s
Upload: 38.90 Mbit/s
Wed Mar 22 05:00:00 CDT 2017
Download: 69.16 Mbit/s
Upload: 47.23 Mbit/s
Wed Mar 22 06:00:00 CDT 2017
Download: 68.41 Mbit/s
Upload: 64.97 Mbit/s
Wed Mar 22 07:00:00 CDT 2017
Download: 72.29 Mbit/s
Upload: 50.55 Mbit/s
Wed Mar 22 08:00:01 CDT 2017
Download: 45.24 Mbit/s
Upload: 23.20 Mbit/s
Wed Mar 22 09:02:07 CDT 2017
Download: 84.64 Mbit/s
Upload: 54.33 Mbit/s
Wed Mar 22 10:00:00 CDT 2017
Download: 12.88 Mbit/s
Upload: 1.89 Mbit/s
Wed Mar 22 12:00:10 CDT 2017
Download: 66.67 Mbit/s
Upload: 66.09 Mbit/s
Wed Mar 22 14:00:39 CDT 2017
Download: 87.17 Mbit/s
Upload: 48.20 Mbit/s
Wed Mar 22 15:02:49 CDT 2017
Download: 50.99 Mbit/s
Upload: 56.78 Mbit/s
Wed Mar 22 16:00:00 CDT 2017
Download: 47.68 Mbit/s
Upload: 44.69 Mbit/s
Wed Mar 22 17:00:00 CDT 2017
Download: 29.46 Mbit/s
Upload: 35.01 Mbit/s
Wed Mar 22 18:00:00 CDT 2017
Download: 20.51 Mbit/s
Upload: 37.37 Mbit/s
Wed Mar 22 19:00:00 CDT 2017
Download: 37.84 Mbit/s
Upload: 7.63 Mbit/s
Wed Mar 22 20:00:01 CDT 2017
Download: 101.16 Mbit/s
Upload: 28.21 Mbit/s
Wed Mar 22 21:05:12 CDT 2017
Download: 55.79 Mbit/s
Upload: 63.60 Mbit/s
Wed Mar 22 22:00:00 CDT 2017
Download: 67.10 Mbit/s
Upload: 76.47 Mbit/s
Thu Mar 23 18:00:00 CDT 2017
Download: 74.92 Mbit/s
Upload: 70.05 Mbit/s
Thu Mar 23 22:00:00 CDT 2017
Download: 48.76 Mbit/s
Upload: 48.19 Mbit/s
Thu Mar 23 23:00:00 CDT 2017
Download: 47.26 Mbit/s
Upload: 40.18 Mbit/s
Fri Mar 24 00:00:00 CDT 2017
Download: 62.31 Mbit/s
Upload: 43.70 Mbit/s
Fri Mar 24 07:00:01 CDT 2017
Download: 66.15 Mbit/s
Upload: 30.23 Mbit/s
Fri Mar 24 08:00:00 CDT 2017
Download: 75.32 Mbit/s
Upload: 57.81 Mbit/s
Fri Mar 24 09:00:00 CDT 2017
Download: 70.55 Mbit/s
Upload: 72.17 Mbit/s
Fri Mar 24 10:00:00 CDT 2017
Download: 22.04 Mbit/s
Upload: 30.30 Mbit/s
Fri Mar 24 11:05:27 CDT 2017
Download: 71.07 Mbit/s
Upload: 55.44 Mbit/s
Fri Mar 24 14:00:00 CDT 2017
Download: 89.01 Mbit/s
Upload: 69.64 Mbit/s
Fri Mar 24 15:00:01 CDT 2017
Download: 64.47 Mbit/s
Upload: 54.52 Mbit/s
Fri Mar 24 16:00:00 CDT 2017
Download: 58.81 Mbit/s
Upload: 29.10 Mbit/s
Fri Mar 24 17:00:00 CDT 2017
Download: 51.51 Mbit/s
Upload: 25.13 Mbit/s
Fri Mar 24 18:00:00 CDT 2017
Download: 66.14 Mbit/s
Upload: 37.66 Mbit/s
Fri Mar 24 19:00:00 CDT 2017
Download: 42.14 Mbit/s
Upload: 34.00 Mbit/s
Fri Mar 24 20:00:00 CDT 2017
Download: 32.67 Mbit/s
Upload: 25.17 Mbit/s
Fri Mar 24 21:00:00 CDT 2017
Download: 45.28 Mbit/s
Upload: 45.27 Mbit/s
Fri Mar 24 22:00:01 CDT 2017
Download: 13.44 Mbit/s
Upload: 9.27 Mbit/s
Fri Mar 24 23:00:00 CDT 2017
Download: 40.82 Mbit/s
Upload: 45.93 Mbit/s
Sat Mar 25 00:00:00 CDT 2017
Download: 27.41 Mbit/s
Upload: 31.76 Mbit/s
Sat Mar 25 01:00:00 CDT 2017
Download: 26.49 Mbit/s
Upload: 17.74 Mbit/s
Sat Mar 25 11:00:00 CDT 2017
Download: 51.80 Mbit/s
Upload: 47.13 Mbit/s
Sat Mar 25 12:00:00 CDT 2017
Download: 32.23 Mbit/s
Upload: 22.09 Mbit/s
Sat Mar 25 13:00:00 CDT 2017
Download: 44.06 Mbit/s
Upload: 30.68 Mbit/s
Sat Mar 25 14:00:00 CDT 2017
Download: 36.91 Mbit/s
Upload: 37.92 Mbit/s
Sat Mar 25 15:00:00 CDT 2017
Download: 19.08 Mbit/s
Upload: 6.73 Mbit/s
Sat Mar 25 16:00:00 CDT 2017
Download: 52.07 Mbit/s
Upload: 38.02 Mbit/s
Sat Mar 25 17:00:00 CDT 2017
Download: 53.14 Mbit/s
Upload: 43.42 Mbit/s
Sat Mar 25 18:00:00 CDT 2017
Download: 78.04 Mbit/s
Upload: 53.34 Mbit/s
Sat Mar 25 19:00:01 CDT 2017
Download: 61.60 Mbit/s
Upload: 52.50 Mbit/s
Sat Mar 25 20:00:00 CDT 2017
Download: 48.89 Mbit/s
Upload: 55.90 Mbit/s
Sat Mar 25 21:00:00 CDT 2017
Download: 59.24 Mbit/s
Upload: 49.44 Mbit/s
Sat Mar 25 22:00:00 CDT 2017
Download: 61.33 Mbit/s
Upload: 55.33 Mbit/s
Sat Mar 25 23:00:00 CDT 2017
Download: 58.82 Mbit/s
Upload: 58.26 Mbit/s
Sun Mar 26 00:00:00 CDT 2017
Download: 62.75 Mbit/s
Upload: 56.55 Mbit/s
Sun Mar 26 01:00:00 CDT 2017
Download: 60.95 Mbit/s
Upload: 48.79 Mbit/s
Sun Mar 26 02:00:00 CDT 2017
Download: 83.49 Mbit/s
Upload: 65.92 Mbit/s
Sun Mar 26 03:00:00 CDT 2017
Download: 73.44 Mbit/s
Upload: 54.74 Mbit/s
Sun Mar 26 04:00:00 CDT 2017
Download: 80.03 Mbit/s
Upload: 55.46 Mbit/s
Sun Mar 26 05:00:00 CDT 2017
Download: 82.23 Mbit/s
Upload: 45.23 Mbit/s
Sun Mar 26 06:00:00 CDT 2017
Download: 85.92 Mbit/s
Upload: 57.32 Mbit/s
Sun Mar 26 07:00:00 CDT 2017
Download: 73.47 Mbit/s
Upload: 60.28 Mbit/s
Sun Mar 26 08:00:00 CDT 2017
Download: 89.65 Mbit/s
Upload: 58.16 Mbit/s
Sun Mar 26 09:00:00 CDT 2017
Download: 81.39 Mbit/s
Upload: 61.22 Mbit/s
Sun Mar 26 10:00:00 CDT 2017
Download: 85.13 Mbit/s
Upload: 58.72 Mbit/s
Sun Mar 26 11:00:01 CDT 2017
Download: 63.42 Mbit/s
Upload: 47.28 Mbit/s
Sun Mar 26 12:00:00 CDT 2017
Download: 51.98 Mbit/s
Upload: 39.69 Mbit/s
Sun Mar 26 13:00:00 CDT 2017
Download: 62.33 Mbit/s
Upload: 55.22 Mbit/s
Sun Mar 26 14:00:01 CDT 2017
Download: 39.53 Mbit/s
Upload: 38.27 Mbit/s
Sun Mar 26 15:00:00 CDT 2017
Download: 59.66 Mbit/s
Upload: 51.64 Mbit/s
Sun Mar 26 16:00:00 CDT 2017
Download: 61.70 Mbit/s
Upload: 51.83 Mbit/s
Sun Mar 26 18:00:00 CDT 2017
Download: 69.92 Mbit/s
Upload: 29.82 Mbit/s
Sun Mar 26 19:00:00 CDT 2017
Download: 57.94 Mbit/s
Upload: 30.43 Mbit/s
Sun Mar 26 20:05:58 CDT 2017
Download: 44.72 Mbit/s
Upload: 33.05 Mbit/s
Sun Mar 26 21:00:00 CDT 2017
Download: 70.56 Mbit/s
Upload: 34.41 Mbit/s
Sun Mar 26 22:00:00 CDT 2017
Download: 46.11 Mbit/s
Upload: 30.00 Mbit/s
Sun Mar 26 23:00:00 CDT 2017
Download: 49.79 Mbit/s
Upload: 36.85 Mbit/s
Mon Mar 27 00:00:00 CDT 2017
Download: 57.78 Mbit/s
Upload: 41.42 Mbit/s
Mon Mar 27 01:00:00 CDT 2017
Download: 56.31 Mbit/s
Upload: 50.48 Mbit/s
Mon Mar 27 02:00:00 CDT 2017
Download: 56.73 Mbit/s
Upload: 44.65 Mbit/s
Mon Mar 27 03:00:01 CDT 2017
Download: 70.15 Mbit/s
Upload: 45.50 Mbit/s
Mon Mar 27 04:00:00 CDT 2017
Download: 62.43 Mbit/s
Upload: 47.69 Mbit/s
Mon Mar 27 05:00:00 CDT 2017
Download: 46.81 Mbit/s
Upload: 43.07 Mbit/s
Mon Mar 27 06:00:01 CDT 2017
Download: 62.03 Mbit/s
Upload: 45.44 Mbit/s
Mon Mar 27 07:00:00 CDT 2017
Download: 62.24 Mbit/s
Upload: 44.17 Mbit/s
Mon Mar 27 08:00:00 CDT 2017
Download: 56.29 Mbit/s
Upload: 40.02 Mbit/s
Mon Mar 27 09:02:08 CDT 2017
Download: 46.69 Mbit/s
Upload: 12.28 Mbit/s
Mon Mar 27 10:00:00 CDT 2017
Download: 81.40 Mbit/s
Upload: 73.84 Mbit/s
Mon Mar 27 12:00:00 CDT 2017
Download: 51.69 Mbit/s
Upload: 58.92 Mbit/s
Mon Mar 27 14:01:05 CDT 2017
Download: 51.73 Mbit/s
Upload: 44.76 Mbit/s
Mon Mar 27 16:00:01 CDT 2017
Download: 49.96 Mbit/s
Upload: 40.98 Mbit/s
Mon Mar 27 17:00:00 CDT 2017
Download: 51.58 Mbit/s
Upload: 51.13 Mbit/s
Mon Mar 27 18:00:00 CDT 2017
Download: 61.29 Mbit/s
Upload: 54.15 Mbit/s
Mon Mar 27 19:00:01 CDT 2017
Download: 88.98 Mbit/s
Upload: 67.12 Mbit/s
Mon Mar 27 20:00:00 CDT 2017
Download: 67.80 Mbit/s
Upload: 50.65 Mbit/s
Mon Mar 27 21:00:00 CDT 2017
Download: 41.25 Mbit/s
Upload: 37.36 Mbit/s
Mon Mar 27 22:00:00 CDT 2017
Download: 52.64 Mbit/s
Upload: 16.74 Mbit/s
Tue Mar 28 08:00:00 CDT 2017
Download: 87.04 Mbit/s
Upload: 61.28 Mbit/s
Tue Mar 28 20:00:00 CDT 2017
Download: 46.62 Mbit/s
Upload: 46.81 Mbit/s
Tue Mar 28 21:00:00 CDT 2017
Download: 65.02 Mbit/s
Upload: 24.56 Mbit/s
Tue Mar 28 22:00:00 CDT 2017
Download: 51.23 Mbit/s
Upload: 34.78 Mbit/s
Tue Mar 28 23:00:01 CDT 2017
Download: 50.93 Mbit/s
Upload: 39.64 Mbit/s
Wed Mar 29 00:00:00 CDT 2017
Download: 55.95 Mbit/s
Upload: 43.81 Mbit/s
Wed Mar 29 07:00:00 CDT 2017
Download: 87.78 Mbit/s
Upload: 62.10 Mbit/s
Wed Mar 29 10:00:00 CDT 2017
Download: 85.59 Mbit/s
Upload: 79.76 Mbit/s
Wed Mar 29 11:00:00 CDT 2017
Download: 84.80 Mbit/s
Upload: 70.60 Mbit/s
Wed Mar 29 12:00:27 CDT 2017
Download: 48.09 Mbit/s
Upload: 29.44 Mbit/s
Wed Mar 29 14:00:01 CDT 2017
Download: 92.91 Mbit/s
Upload: 68.79 Mbit/s
Wed Mar 29 16:00:00 CDT 2017
Download: 50.95 Mbit/s
Upload: 35.69 Mbit/s
Wed Mar 29 18:02:35 CDT 2017
Download: 71.32 Mbit/s
Upload: 77.52 Mbit/s
Wed Mar 29 22:00:01 CDT 2017
Download: 49.16 Mbit/s
Upload: 44.16 Mbit/s
Wed Mar 29 23:00:00 CDT 2017
Download: 41.78 Mbit/s
Upload: 34.84 Mbit/s
Thu Mar 30 00:00:00 CDT 2017
Download: 64.88 Mbit/s
Upload: 32.00 Mbit/s
Thu Mar 30 07:00:00 CDT 2017
Download: 18.50 Mbit/s
Upload: 62.97 Mbit/s
Thu Mar 30 08:00:00 CDT 2017
Download: 55.26 Mbit/s
Upload: 54.70 Mbit/s
Thu Mar 30 09:00:00 CDT 2017
Download: 51.89 Mbit/s
Upload: 52.85 Mbit/s
Thu Mar 30 10:00:00 CDT 2017
Download: 15.61 Mbit/s
Upload: 8.55 Mbit/s
Thu Mar 30 11:00:00 CDT 2017
Download: 44.17 Mbit/s
Upload: 45.09 Mbit/s
Thu Mar 30 12:00:00 CDT 2017
Download: 54.30 Mbit/s
Upload: 57.64 Mbit/s
Thu Mar 30 13:00:00 CDT 2017
Download: 47.87 Mbit/s
Upload: 32.92 Mbit/s
Thu Mar 30 14:00:00 CDT 2017
Download: 56.74 Mbit/s
Upload: 44.46 Mbit/s
Thu Mar 30 15:00:00 CDT 2017
Download: 49.81 Mbit/s
Upload: 46.74 Mbit/s
Thu Mar 30 16:00:00 CDT 2017
Download: 47.68 Mbit/s
Upload: 39.54 Mbit/s
Thu Mar 30 17:00:00 CDT 2017
Download: 61.64 Mbit/s
Upload: 51.43 Mbit/s
Thu Mar 30 18:00:00 CDT 2017
Download: 38.13 Mbit/s
Upload: 21.05 Mbit/s
Thu Mar 30 19:00:00 CDT 2017
Download: 58.28 Mbit/s
Upload: 50.38 Mbit/s
Thu Mar 30 20:00:00 CDT 2017
Download: 56.81 Mbit/s
Upload: 49.88 Mbit/s
Thu Mar 30 21:00:00 CDT 2017
Download: 46.63 Mbit/s
Upload: 27.92 Mbit/s
Thu Mar 30 22:00:00 CDT 2017
Download: 70.84 Mbit/s
Upload: 35.46 Mbit/s
Thu Mar 30 23:00:00 CDT 2017
Download: 66.62 Mbit/s
Upload: 53.42 Mbit/s
Fri Mar 31 08:00:01 CDT 2017
Download: 81.75 Mbit/s
Upload: 65.41 Mbit/s
Fri Mar 31 09:00:36 CDT 2017
Download: 73.69 Mbit/s
Upload: 71.94 Mbit/s
Fri Mar 31 11:00:35 CDT 2017
Download: 78.44 Mbit/s
Upload: 62.24 Mbit/s
Fri Mar 31 12:00:00 CDT 2017
Download: 71.09 Mbit/s
Upload: 64.69 Mbit/s
Fri Mar 31 14:00:00 CDT 2017
Download: 101.38 Mbit/s
Upload: 53.65 Mbit/s
Fri Mar 31 15:00:00 CDT 2017
Download: 82.94 Mbit/s
Upload: 63.22 Mbit/s
Fri Mar 31 16:00:00 CDT 2017
Download: 88.37 Mbit/s
Upload: 56.03 Mbit/s
Fri Mar 31 19:00:00 CDT 2017
Download: 19.11 Mbit/s
Upload: 37.89 Mbit/s
Fri Mar 31 20:00:00 CDT 2017
Download: 12.92 Mbit/s
Upload: 28.60 Mbit/s
Fri Mar 31 21:00:01 CDT 2017
Download: 55.14 Mbit/s
Upload: 20.80 Mbit/s
Fri Mar 31 22:00:00 CDT 2017
Download: 64.56 Mbit/s
Upload: 46.72 Mbit/s
Fri Mar 31 23:00:00 CDT 2017
Download: 60.08 Mbit/s
Upload: 57.90 Mbit/s
Sat Apr  1 00:00:00 CDT 2017
Download: 64.75 Mbit/s
Upload: 49.02 Mbit/s
Sat Apr  1 07:00:00 CDT 2017
Download: 26.27 Mbit/s
Upload: 19.26 Mbit/s
Sat Apr  1 08:00:00 CDT 2017
Download: 26.62 Mbit/s
Upload: 16.13 Mbit/s
Sat Apr  1 09:00:00 CDT 2017
Download: 44.96 Mbit/s
Upload: 39.65 Mbit/s
Sat Apr  1 10:00:00 CDT 2017
Download: 43.27 Mbit/s
Upload: 32.28 Mbit/s
Sat Apr  1 11:00:00 CDT 2017
Download: 62.74 Mbit/s
Upload: 51.64 Mbit/s
Sat Apr  1 12:00:00 CDT 2017
Download: 56.14 Mbit/s
Upload: 38.82 Mbit/s
Sat Apr  1 13:00:00 CDT 2017
Download: 41.50 Mbit/s
Upload: 50.04 Mbit/s
Sat Apr  1 14:00:00 CDT 2017
Download: 57.30 Mbit/s
Upload: 50.12 Mbit/s
Sat Apr  1 15:00:00 CDT 2017
Download: 49.43 Mbit/s
Upload: 46.31 Mbit/s
Sat Apr  1 21:00:00 CDT 2017
Download: 51.00 Mbit/s
Upload: 5.97 Mbit/s
Sun Apr  2 12:00:00 CDT 2017
Download: 3.93 Mbit/s
Upload: 0.95 Mbit/s
Sun Apr  2 13:00:00 CDT 2017
Download: 4.42 Mbit/s
Upload: 0.84 Mbit/s
Sun Apr  2 14:00:01 CDT 2017
Download: 55.76 Mbit/s
Upload: 6.04 Mbit/s
Sun Apr  2 19:00:00 CDT 2017
Download: 54.98 Mbit/s
Upload: 38.14 Mbit/s
Sun Apr  2 20:00:01 CDT 2017
Download: 25.45 Mbit/s
Upload: 20.65 Mbit/s
Sun Apr  2 21:00:00 CDT 2017
Download: 23.94 Mbit/s
Upload: 20.63 Mbit/s
Sun Apr  2 22:00:00 CDT 2017
Download: 30.47 Mbit/s
Upload: 44.93 Mbit/s
Sun Apr  2 23:00:00 CDT 2017
Download: 50.05 Mbit/s
Upload: 28.98 Mbit/s
Mon Apr  3 00:00:00 CDT 2017
Download: 55.22 Mbit/s
Upload: 43.06 Mbit/s
Mon Apr  3 07:00:00 CDT 2017
Download: 64.70 Mbit/s
Upload: 62.35 Mbit/s
Mon Apr  3 08:00:00 CDT 2017
Download: 94.95 Mbit/s
Upload: 76.41 Mbit/s
Mon Apr  3 09:05:00 CDT 2017
Download: 85.74 Mbit/s
Upload: 53.58 Mbit/s
Mon Apr  3 13:00:00 CDT 2017
Download: 88.13 Mbit/s
Upload: 75.49 Mbit/s
Mon Apr  3 14:00:00 CDT 2017
Download: 70.88 Mbit/s
Upload: 35.58 Mbit/s
Mon Apr  3 15:00:01 CDT 2017
Download: 47.13 Mbit/s
Upload: 50.34 Mbit/s
Mon Apr  3 16:00:00 CDT 2017
Download: 36.09 Mbit/s
Upload: 31.06 Mbit/s
Mon Apr  3 17:00:00 CDT 2017
Download: 51.07 Mbit/s
Upload: 45.48 Mbit/s
Mon Apr  3 18:00:00 CDT 2017
Download: 51.10 Mbit/s
Upload: 32.78 Mbit/s
Mon Apr  3 19:00:00 CDT 2017
Download: 50.83 Mbit/s
Upload: 23.05 Mbit/s
Mon Apr  3 20:00:00 CDT 2017
Download: 16.71 Mbit/s
Upload: 22.87 Mbit/s
Mon Apr  3 21:00:00 CDT 2017
Download: 77.49 Mbit/s
Upload: 36.72 Mbit/s
Mon Apr  3 22:00:00 CDT 2017
Download: 52.97 Mbit/s
Upload: 41.24 Mbit/s
Tue Apr  4 09:00:00 CDT 2017
Download: 46.44 Mbit/s
Upload: 19.36 Mbit/s
Tue Apr  4 18:00:01 CDT 2017
Download: 47.09 Mbit/s
Upload: 49.21 Mbit/s
Tue Apr  4 19:00:00 CDT 2017
Download: 31.97 Mbit/s
Upload: 39.10 Mbit/s
Tue Apr  4 20:00:00 CDT 2017
Download: 43.33 Mbit/s
Upload: 36.90 Mbit/s
Tue Apr  4 21:00:00 CDT 2017
Download: 3.78 Mbit/s
Upload: 5.56 Mbit/s
Tue Apr  4 22:00:00 CDT 2017
Download: 4.21 Mbit/s
Upload: 14.19 Mbit/s
Tue Apr  4 23:00:00 CDT 2017
Download: 39.62 Mbit/s
Upload: 65.56 Mbit/s
Wed Apr  5 07:00:48 CDT 2017
Download: 48.54 Mbit/s
Upload: 46.34 Mbit/s
Wed Apr  5 08:00:00 CDT 2017
Download: 92.22 Mbit/s
Upload: 69.86 Mbit/s
Wed Apr  5 10:00:00 CDT 2017
Download: 81.80 Mbit/s
Upload: 72.26 Mbit/s
Wed Apr  5 11:00:00 CDT 2017
Download: 88.96 Mbit/s
Upload: 53.97 Mbit/s
Wed Apr  5 12:01:23 CDT 2017
Download: 54.39 Mbit/s
Upload: 71.41 Mbit/s
Wed Apr  5 14:00:00 CDT 2017
Download: 80.55 Mbit/s
Upload: 48.60 Mbit/s
Wed Apr  5 15:00:00 CDT 2017
Download: 55.68 Mbit/s
Upload: 79.82 Mbit/s
Wed Apr  5 16:00:00 CDT 2017
Download: 39.40 Mbit/s
Upload: 34.43 Mbit/s
Wed Apr  5 17:00:00 CDT 2017
Download: 41.00 Mbit/s
Upload: 21.22 Mbit/s
Wed Apr  5 18:00:00 CDT 2017
Download: 13.62 Mbit/s
Upload: 4.70 Mbit/s
Wed Apr  5 19:00:00 CDT 2017
Download: 32.95 Mbit/s
Upload: 34.48 Mbit/s
Wed Apr  5 20:00:00 CDT 2017
Download: 71.77 Mbit/s
Upload: 45.54 Mbit/s
Wed Apr  5 21:00:00 CDT 2017
Download: 69.69 Mbit/s
Upload: 43.19 Mbit/s
Thu Apr  6 18:00:00 CDT 2017
Download: 35.64 Mbit/s
Upload: 41.38 Mbit/s
Thu Apr  6 19:00:00 CDT 2017
Download: 72.17 Mbit/s
Upload: 40.65 Mbit/s
Thu Apr  6 20:00:00 CDT 2017
Download: 29.67 Mbit/s
Upload: 48.83 Mbit/s
Thu Apr  6 21:00:00 CDT 2017
Download: 47.90 Mbit/s
Upload: 41.05 Mbit/s
Thu Apr  6 22:00:00 CDT 2017
Download: 53.86 Mbit/s
Upload: 43.58 Mbit/s
Thu Apr  6 23:00:00 CDT 2017
Download: 60.16 Mbit/s
Upload: 46.83 Mbit/s
Fri Apr  7 00:00:00 CDT 2017
Download: 43.20 Mbit/s
Upload: 37.76 Mbit/s
Fri Apr  7 01:00:00 CDT 2017
Download: 33.64 Mbit/s
Upload: 41.67 Mbit/s
Fri Apr  7 02:00:01 CDT 2017
Download: 32.64 Mbit/s
Upload: 35.59 Mbit/s
Fri Apr  7 03:00:00 CDT 2017
Download: 46.59 Mbit/s
Upload: 39.22 Mbit/s
Fri Apr  7 04:00:00 CDT 2017
Download: 45.84 Mbit/s
Upload: 47.04 Mbit/s
Fri Apr  7 05:00:00 CDT 2017
Download: 38.43 Mbit/s
Upload: 36.15 Mbit/s
Fri Apr  7 06:00:00 CDT 2017
Download: 61.93 Mbit/s
Upload: 47.83 Mbit/s
Fri Apr  7 07:00:00 CDT 2017
Download: 59.43 Mbit/s
Upload: 45.49 Mbit/s
Fri Apr  7 08:00:00 CDT 2017
Download: 86.02 Mbit/s
Upload: 61.81 Mbit/s
Fri Apr  7 09:00:00 CDT 2017
Download: 71.17 Mbit/s
Upload: 40.56 Mbit/s
Fri Apr  7 10:00:00 CDT 2017
Download: 91.05 Mbit/s
Upload: 60.48 Mbit/s
Fri Apr  7 11:01:07 CDT 2017
Download: 81.97 Mbit/s
Upload: 64.26 Mbit/s
Fri Apr  7 12:03:04 CDT 2017
Download: 46.16 Mbit/s
Upload: 36.69 Mbit/s
Fri Apr  7 23:00:00 CDT 2017
Download: 47.16 Mbit/s
Upload: 26.67 Mbit/s
Sat Apr  8 00:00:00 CDT 2017
Download: 42.79 Mbit/s
Upload: 20.25 Mbit/s
Sat Apr  8 07:00:00 CDT 2017
Download: 58.57 Mbit/s
Upload: 48.97 Mbit/s
Sat Apr  8 08:00:00 CDT 2017
Download: 60.23 Mbit/s
Upload: 46.11 Mbit/s
Sat Apr  8 09:00:00 CDT 2017
Download: 32.58 Mbit/s
Upload: 19.59 Mbit/s
Sat Apr  8 10:00:00 CDT 2017
Download: 41.65 Mbit/s
Upload: 24.80 Mbit/s
Sat Apr  8 11:00:00 CDT 2017
Download: 55.45 Mbit/s
Upload: 38.52 Mbit/s
Sat Apr  8 12:00:00 CDT 2017
Download: 58.11 Mbit/s
Upload: 37.55 Mbit/s
Sat Apr  8 13:00:00 CDT 2017
Download: 41.18 Mbit/s
Upload: 37.74 Mbit/s
Sat Apr  8 14:00:00 CDT 2017
Download: 68.13 Mbit/s
Upload: 47.86 Mbit/s
Sat Apr  8 15:00:00 CDT 2017
Download: 67.16 Mbit/s
Upload: 47.96 Mbit/s
Sat Apr  8 16:00:00 CDT 2017
Download: 63.04 Mbit/s
Upload: 46.24 Mbit/s
Sat Apr  8 17:00:00 CDT 2017
Download: 47.21 Mbit/s
Upload: 27.88 Mbit/s
Sat Apr  8 18:00:00 CDT 2017
Download: 53.56 Mbit/s
Upload: 47.31 Mbit/s
Sat Apr  8 19:00:00 CDT 2017
Download: 44.29 Mbit/s
Upload: 43.71 Mbit/s
Sat Apr  8 20:00:00 CDT 2017
Download: 67.35 Mbit/s
Upload: 50.56 Mbit/s
Sat Apr  8 21:00:00 CDT 2017
Download: 52.16 Mbit/s
Upload: 29.17 Mbit/s
Sat Apr  8 22:00:00 CDT 2017
Download: 54.58 Mbit/s
Upload: 35.79 Mbit/s
Sat Apr  8 23:00:00 CDT 2017
Download: 67.81 Mbit/s
Upload: 51.37 Mbit/s
Sun Apr  9 00:00:00 CDT 2017
Download: 48.65 Mbit/s
Upload: 33.84 Mbit/s
Sun Apr  9 07:00:00 CDT 2017
Download: 65.21 Mbit/s
Upload: 44.91 Mbit/s
Sun Apr  9 08:00:00 CDT 2017
Download: 67.44 Mbit/s
Upload: 52.43 Mbit/s
Sun Apr  9 09:00:00 CDT 2017
Download: 72.42 Mbit/s
Upload: 48.70 Mbit/s
Sun Apr  9 10:00:01 CDT 2017
Download: 70.34 Mbit/s
Upload: 57.24 Mbit/s
Sun Apr  9 11:00:00 CDT 2017
Download: 59.56 Mbit/s
Upload: 17.08 Mbit/s
Sun Apr  9 12:00:00 CDT 2017
Download: 71.44 Mbit/s
Upload: 50.21 Mbit/s
Sun Apr  9 13:00:00 CDT 2017
Download: 35.74 Mbit/s
Upload: 44.17 Mbit/s
Sun Apr  9 14:00:00 CDT 2017
Download: 55.85 Mbit/s
Upload: 26.42 Mbit/s
Sun Apr  9 15:00:00 CDT 2017
Download: 93.33 Mbit/s
Upload: 57.99 Mbit/s
Sun Apr  9 16:00:00 CDT 2017
Download: 69.15 Mbit/s
Upload: 59.56 Mbit/s
Sun Apr  9 17:00:00 CDT 2017
Download: 55.26 Mbit/s
Upload: 35.47 Mbit/s
Sun Apr  9 18:00:00 CDT 2017
Download: 33.92 Mbit/s
Upload: 27.34 Mbit/s
Sun Apr  9 19:00:01 CDT 2017
Download: 45.72 Mbit/s
Upload: 27.94 Mbit/s
Sun Apr  9 20:00:00 CDT 2017
Download: 42.36 Mbit/s
Upload: 24.21 Mbit/s
Sun Apr  9 21:00:00 CDT 2017
Download: 43.35 Mbit/s
Upload: 20.19 Mbit/s
Sun Apr  9 22:00:00 CDT 2017
Download: 34.80 Mbit/s
Upload: 7.03 Mbit/s
Sun Apr  9 23:00:00 CDT 2017
Download: 61.83 Mbit/s
Upload: 48.50 Mbit/s
Mon Apr 10 00:00:00 CDT 2017
Download: 73.26 Mbit/s
Upload: 43.36 Mbit/s
Mon Apr 10 01:00:00 CDT 2017
Download: 63.93 Mbit/s
Upload: 39.81 Mbit/s
Mon Apr 10 08:03:06 CDT 2017
Download: 101.47 Mbit/s
Upload: 72.26 Mbit/s
Mon Apr 10 09:00:00 CDT 2017
Download: 59.61 Mbit/s
Upload: 58.06 Mbit/s
